
> 1234@0.1.0 build
> next build

⚠ turbopack.root should be absolute, using: E:\Users\shiva\Downloads\new12-main
▲ Next.js 16.1.6 (Turbopack)
- Environments: .env

⚠ The "middleware" file convention is deprecated. Please use "proxy" instead. Learn more: https://nextjs.org/docs/messages/middleware-to-proxy
  Creating an optimized production build ...
✓ Compiled successfully in 5.2s
  Running TypeScript ...
Failed to compile.

./app/complete/page.tsx:37:27
Type error: Property 'supplier_uid' does not exist on type '{ id: string; status: string; uid: string; ip: string; }'.

[0m [90m 35 |[39m             description[33m=[39m{desc}
 [90m 36 |[39m             type[33m=[39m[32m"success"[39m
[31m[1m>[22m[39m[90m 37 |[39m             uid[33m=[39m{updated[33m?[39m[33m.[39msupplier_uid [33m||[39m uid [33m||[39m data[33m.[39mresponse[33m?[39m[33m.[39msupplier_uid [33m||[39m data[33m.[39muid}
 [90m    |[39m                           [31m[1m^[22m[39m
 [90m 38 |[39m             code[33m=[39m{pid [33m||[39m data[33m.[39mpid}
 [90m 39 |[39m             ip[33m=[39m{data[33m.[39mip}
 [90m 40 |[39m             status[33m=[39m[32m"Complete"[39m[0m
Next.js build worker exited with code: 1 and signal: null
