
> 1234@0.1.0 build
> next build

⚠ turbopack.root should be absolute, using: E:\Users\shiva\Downloads\new12-main
▲ Next.js 16.1.6 (Turbopack)
- Environments: .env

⚠ The "middleware" file convention is deprecated. Please use "proxy" instead. Learn more: https://nextjs.org/docs/messages/middleware-to-proxy
  Creating an optimized production build ...
✓ Compiled successfully in 5.4s
  Running TypeScript ...
  Collecting page data using 3 workers ...
  Generating static pages using 3 workers (0/9) ...
  Generating static pages using 3 workers (2/9) 
  Generating static pages using 3 workers (4/9) 
  Generating static pages using 3 workers (6/9) 
✓ Generating static pages using 3 workers (9/9) in 164.5ms
  Finalizing page optimization ...

Route (app)
┌ ○ /
├ ○ /_not-found
├ ƒ /admin/clients
├ ƒ /admin/dashboard
├ ƒ /admin/projects
├ ƒ /admin/projects/[id]
├ ƒ /admin/redirects
├ ƒ /admin/responses
├ ƒ /admin/settings
├ ƒ /api/admin/projects/[id]
├ ƒ /api/admin/responses/export
├ ƒ /api/callback
├ ƒ /api/callback/[project]/[clickid]/[status]
├ ƒ /api/self-test
├ ƒ /complete
├ ƒ /duplicate-ip
├ ƒ /duplicate-string
├ ○ /icon.svg
├ ○ /login
├ ƒ /paused
├ ƒ /prescreener
├ ƒ /quotafull
├ ƒ /r/[code]/[uid]
├ ○ /secret-reset
├ ƒ /security-terminate
├ ƒ /status
├ ƒ /status/[clickid]
├ ƒ /terminate
└ ƒ /track


ƒ Proxy (Middleware)

○  (Static)   prerendered as static content
ƒ  (Dynamic)  server-rendered on demand

